<?xml version="1.0" encoding="UTF-8"?>
<!-- Generated by org.testng.reporters.JUnitXMLReporter -->
<testsuite ignored="1" hostname="LAPTOP-PRTCFI5V" failures="0" tests="6" name="Car Loan" time="0.019" errors="0" timestamp="2022-04-20T13:17:34 AST">
  <testcase classname="day3" name="MobilesignoutcarLoan" time="0.001"/>
  <testcase classname="day3" name="MobilesignoutcarLoan" time="0.001"/>
  <testcase classname="day3" name="MobilesignoutcarLoan" time="0.002"/>
  <testcase classname="day3" name="WebloginCarLoan" time="0.0"/>
  <testcase classname="day3" name="MobileLogincarLoan" time="0.001"/>
  <testcase classname="day3" name="APIcarLoan" time="0.001"/>
  <testcase classname="day3" name="MobilesignimcarLoan" time="0.0">
    <ignored/>
  </testcase> <!-- MobilesignimcarLoan -->
</testsuite> <!-- Car Loan -->
