<?xml version="1.0" encoding="UTF-8"?>
<!-- Generated by org.testng.reporters.JUnitXMLReporter -->
<testsuite ignored="1" hostname="LAPTOP-PRTCFI5V" failures="0" tests="5" name="Personal Loan" time="0.04" errors="0" timestamp="2022-04-20T13:17:34 AST">
  <testcase classname="day1" name="Demo" time="0.006"/>
  <testcase classname="day2" name="ploan" time="0.0"/>
  <testcase classname="day4" name="LoginAPIHomeLoan" time="0.001"/>
  <testcase classname="day4" name="MobileLoginHomeLoan" time="0.001"/>
  <testcase classname="day4" name="WebloginHomeLoan" time="0.0"/>
  <testcase classname="day1" name="SecondTest" time="0.0">
    <ignored/>
  </testcase> <!-- SecondTest -->
</testsuite> <!-- Personal Loan -->
